e:\vs2015_sketchtown\sketchtown_finish_12_22\shape_recog\debug\shape_recognition.pch
e:\vs2015_sketchtown\sketchtown_finish_12_22\shape_recog\debug\vc140.pdb
e:\vs2015_sketchtown\sketchtown_finish_12_22\shape_recog\debug\vc140.idb
e:\vs2015_sketchtown\sketchtown_finish_12_22\shape_recog\debug\stdafx.obj
e:\vs2015_sketchtown\sketchtown_finish_12_22\shape_recog\debug\barcoderecognizer.obj
e:\vs2015_sketchtown\sketchtown_finish_12_22\shape_recog\debug\componentconnector.obj
e:\vs2015_sketchtown\sketchtown_finish_12_22\shape_recog\debug\imagerecognizemanager.obj
e:\vs2015_sketchtown\sketchtown_finish_12_22\shape_recog\debug\scanimgmanager.obj
e:\vs2015_sketchtown\sketchtown_finish_12_22\shape_recog\debug\shaperecognizer.obj
e:\vs2015_sketchtown\sketchtown_finish_12_22\shape_recog\debug\shape_recognition.obj
e:\vs2015_sketchtown\sketchtown_finish_12_22\shape_recog\debug\customstringhelper.obj
e:\vs2015_sketchtown\sketchtown_finish_12_22\shape_recog\debug\filehelper.obj
e:\vs2015_sketchtown\sketchtown_finish_12_22\shape_recog\debug\stringex.obj
e:\vs2015_sketchtown\sketchtown_finish_12_22\shape_recog\debug\udpconnection.obj
e:\vs2015_sketchtown\sketchtown_finish_12_22\shape_recog\debug\shape_re.9674e0bd.tlog\cl.command.1.tlog
e:\vs2015_sketchtown\sketchtown_finish_12_22\shape_recog\debug\shape_re.9674e0bd.tlog\cl.read.1.tlog
e:\vs2015_sketchtown\sketchtown_finish_12_22\shape_recog\debug\shape_re.9674e0bd.tlog\cl.write.1.tlog
e:\vs2015_sketchtown\sketchtown_finish_12_22\shape_recog\debug\shape_re.9674e0bd.tlog\link.command.1.tlog
e:\vs2015_sketchtown\sketchtown_finish_12_22\shape_recog\debug\shape_re.9674e0bd.tlog\link.read.1.tlog
e:\vs2015_sketchtown\sketchtown_finish_12_22\shape_recog\debug\shape_re.9674e0bd.tlog\link.write.1.tlog
