  stdafx.cpp
  UDPConnection.cpp
e:\vs2015_sketchtown\sketchtown_finish_12_22\shape_recog\utls\udpconnection.cpp(48): warning C4244: “参数”: 从“DWORD”转换到“u_short”，可能丢失数据
e:\vs2015_sketchtown\sketchtown_finish_12_22\shape_recog\utls\udpconnection.cpp(62): warning C4244: “参数”: 从“DWORD”转换到“u_short”，可能丢失数据
e:\vs2015_sketchtown\sketchtown_finish_12_22\shape_recog\utls\udpconnection.cpp(63): warning C4996: 'inet_addr': Use inet_pton() or InetPton() instead or define _WINSOCK_DEPRECATED_NO_WARNINGS to disable deprecated API warnings
  c:\program files (x86)\windows kits\8.1\include\um\winsock2.h(1850): note: 参见“inet_addr”的声明
  stringEx.cpp
e:\vs2015_sketchtown\sketchtown_finish_12_22\shape_recog\utls\stringex.cpp(154): warning C4244: “初始化”: 从“double”转换到“float”，可能丢失数据
  FileHelper.cpp
e:\vs2015_sketchtown\sketchtown_finish_12_22\shape_recog\utls\filehelper.cpp(42): warning C4018: “<”: 有符号/无符号不匹配
e:\vs2015_sketchtown\sketchtown_finish_12_22\shape_recog\utls\filehelper.cpp(211): warning C4018: “<”: 有符号/无符号不匹配
e:\vs2015_sketchtown\sketchtown_finish_12_22\shape_recog\utls\filehelper.cpp(297): warning C4018: “<”: 有符号/无符号不匹配
  CustomStringHelper.cpp
e:\vs2015_sketchtown\sketchtown_finish_12_22\shape_recog\utls\customstringhelper.cpp(54): warning C4018: “<”: 有符号/无符号不匹配
  shape_recognition.cpp
  ShapeRecognizer.cpp
e:\opencv3.0\opencv\build\include\opencv2\core\mat.hpp(1965): warning C4819: 该文件包含不能在当前代码页(936)中表示的字符。请将该文件保存为 Unicode 格式以防止数据丢失
e:\opencv3.0\opencv\build\include\opencv2\core\persistence.hpp : warning C4819: 该文件包含不能在当前代码页(936)中表示的字符。请将该文件保存为 Unicode 格式以防止数据丢失
e:\opencv3.0\opencv\build\include\opencv2\core\utility.hpp : warning C4819: 该文件包含不能在当前代码页(936)中表示的字符。请将该文件保存为 Unicode 格式以防止数据丢失
e:\opencv3.0\opencv\build\include\opencv2\core\utility.hpp : warning C4819: 该文件包含不能在当前代码页(936)中表示的字符。请将该文件保存为 Unicode 格式以防止数据丢失
e:\vs2015_sketchtown\sketchtown_finish_12_22\shape_recog\shaperecognizer.cpp(58): warning C4018: “<”: 有符号/无符号不匹配
e:\vs2015_sketchtown\sketchtown_finish_12_22\shape_recog\shaperecognizer.cpp(97): warning C4018: “<”: 有符号/无符号不匹配
e:\vs2015_sketchtown\sketchtown_finish_12_22\shape_recog\shaperecognizer.cpp(152): warning C4018: “<”: 有符号/无符号不匹配
e:\vs2015_sketchtown\sketchtown_finish_12_22\shape_recog\shaperecognizer.cpp(154): warning C4018: “>”: 有符号/无符号不匹配
e:\vs2015_sketchtown\sketchtown_finish_12_22\shape_recog\shaperecognizer.cpp(165): warning C4018: “<”: 有符号/无符号不匹配
e:\vs2015_sketchtown\sketchtown_finish_12_22\shape_recog\shaperecognizer.cpp(173): warning C4018: “<”: 有符号/无符号不匹配
e:\vs2015_sketchtown\sketchtown_finish_12_22\shape_recog\shaperecognizer.cpp(186): warning C4018: “<”: 有符号/无符号不匹配
e:\vs2015_sketchtown\sketchtown_finish_12_22\shape_recog\shaperecognizer.cpp(215): warning C4018: “<”: 有符号/无符号不匹配
e:\vs2015_sketchtown\sketchtown_finish_12_22\shape_recog\shaperecognizer.cpp(260): warning C4018: “<”: 有符号/无符号不匹配
  ScanImgManager.cpp
e:\vs2015_sketchtown\sketchtown_finish_12_22\shape_recog\scanimgmanager.cpp(37): warning C4018: “<”: 有符号/无符号不匹配
e:\vs2015_sketchtown\sketchtown_finish_12_22\shape_recog\scanimgmanager.cpp(54): warning C4018: “<”: 有符号/无符号不匹配
  ImageRecognizeManager.cpp
e:\opencv3.0\opencv\build\include\opencv2\core\mat.hpp(1965): warning C4819: 该文件包含不能在当前代码页(936)中表示的字符。请将该文件保存为 Unicode 格式以防止数据丢失
e:\opencv3.0\opencv\build\include\opencv2\core\persistence.hpp : warning C4819: 该文件包含不能在当前代码页(936)中表示的字符。请将该文件保存为 Unicode 格式以防止数据丢失
e:\opencv3.0\opencv\build\include\opencv2\core\utility.hpp : warning C4819: 该文件包含不能在当前代码页(936)中表示的字符。请将该文件保存为 Unicode 格式以防止数据丢失
e:\opencv3.0\opencv\build\include\opencv2\core\utility.hpp : warning C4819: 该文件包含不能在当前代码页(936)中表示的字符。请将该文件保存为 Unicode 格式以防止数据丢失
e:\vs2015_sketchtown\sketchtown_finish_12_22\shape_recog\imagerecognizemanager.cpp(55): warning C4018: “<”: 有符号/无符号不匹配
  ComponentConnector.cpp
e:\vs2015_sketchtown\sketchtown_finish_12_22\shape_recog\componentconnector.cpp(97): warning C4101: “avgObjectWidth”: 未引用的局部变量
e:\vs2015_sketchtown\sketchtown_finish_12_22\shape_recog\componentconnector.cpp(131): warning C4101: “ptrPatchIntensityImg”: 未引用的局部变量
e:\vs2015_sketchtown\sketchtown_finish_12_22\shape_recog\componentconnector.cpp(79): warning C4101: “C0”: 未引用的局部变量
e:\vs2015_sketchtown\sketchtown_finish_12_22\shape_recog\componentconnector.cpp(80): warning C4101: “tmp”: 未引用的局部变量
e:\vs2015_sketchtown\sketchtown_finish_12_22\shape_recog\componentconnector.cpp(79): warning C4101: “R0”: 未引用的局部变量
e:\vs2015_sketchtown\sketchtown_finish_12_22\shape_recog\componentconnector.cpp(79): warning C4101: “yBR”: 未引用的局部变量
e:\vs2015_sketchtown\sketchtown_finish_12_22\shape_recog\componentconnector.cpp(80): warning C4101: “C1t”: 未引用的局部变量
e:\vs2015_sketchtown\sketchtown_finish_12_22\shape_recog\componentconnector.cpp(80): warning C4101: “R1t”: 未引用的局部变量
e:\vs2015_sketchtown\sketchtown_finish_12_22\shape_recog\componentconnector.cpp(79): warning C4101: “R1”: 未引用的局部变量
e:\vs2015_sketchtown\sketchtown_finish_12_22\shape_recog\componentconnector.cpp(79): warning C4101: “C1”: 未引用的局部变量
e:\vs2015_sketchtown\sketchtown_finish_12_22\shape_recog\componentconnector.cpp(79): warning C4101: “xBR”: 未引用的局部变量
e:\vs2015_sketchtown\sketchtown_finish_12_22\shape_recog\componentconnector.cpp(79): warning C4101: “yUL”: 未引用的局部变量
e:\vs2015_sketchtown\sketchtown_finish_12_22\shape_recog\componentconnector.cpp(79): warning C4101: “objectSize”: 未引用的局部变量
e:\vs2015_sketchtown\sketchtown_finish_12_22\shape_recog\componentconnector.cpp(79): warning C4101: “xUL”: 未引用的局部变量
e:\vs2015_sketchtown\sketchtown_finish_12_22\shape_recog\componentconnector.cpp(80): warning C4101: “R0t”: 未引用的局部变量
e:\vs2015_sketchtown\sketchtown_finish_12_22\shape_recog\componentconnector.cpp(80): warning C4101: “C0t”: 未引用的局部变量
e:\vs2015_sketchtown\sketchtown_finish_12_22\shape_recog\componentconnector.cpp(390): warning C4244: “=”: 从“int”转换到“float”，可能丢失数据
e:\vs2015_sketchtown\sketchtown_finish_12_22\shape_recog\componentconnector.cpp(391): warning C4244: “=”: 从“int”转换到“float”，可能丢失数据
  BarCodeRecognizer.cpp
e:\opencv3.0\opencv\build\include\opencv2\core\mat.hpp(1965): warning C4819: 该文件包含不能在当前代码页(936)中表示的字符。请将该文件保存为 Unicode 格式以防止数据丢失
e:\opencv3.0\opencv\build\include\opencv2\core\persistence.hpp : warning C4819: 该文件包含不能在当前代码页(936)中表示的字符。请将该文件保存为 Unicode 格式以防止数据丢失
e:\opencv3.0\opencv\build\include\opencv2\core\utility.hpp : warning C4819: 该文件包含不能在当前代码页(936)中表示的字符。请将该文件保存为 Unicode 格式以防止数据丢失
e:\opencv3.0\opencv\build\include\opencv2\core\utility.hpp : warning C4819: 该文件包含不能在当前代码页(936)中表示的字符。请将该文件保存为 Unicode 格式以防止数据丢失
e:\vs2015_sketchtown\sketchtown_finish_12_22\shape_recog\barcoderecognizer.cpp(83): warning C4018: “<”: 有符号/无符号不匹配
e:\vs2015_sketchtown\sketchtown_finish_12_22\shape_recog\barcoderecognizer.cpp(86): warning C4018: “<”: 有符号/无符号不匹配
e:\vs2015_sketchtown\sketchtown_finish_12_22\shape_recog\barcoderecognizer.cpp(112): warning C4018: “<”: 有符号/无符号不匹配
e:\vs2015_sketchtown\sketchtown_finish_12_22\shape_recog\barcoderecognizer.cpp(116): warning C4018: “<”: 有符号/无符号不匹配
e:\vs2015_sketchtown\sketchtown_finish_12_22\shape_recog\barcoderecognizer.cpp(161): warning C4244: “初始化”: 从“float”转换到“int”，可能丢失数据
e:\vs2015_sketchtown\sketchtown_finish_12_22\shape_recog\barcoderecognizer.cpp(167): warning C4244: “参数”: 从“float”转换到“int”，可能丢失数据
e:\vs2015_sketchtown\sketchtown_finish_12_22\shape_recog\barcoderecognizer.cpp(192): warning C4244: “初始化”: 从“float”转换到“int”，可能丢失数据
e:\vs2015_sketchtown\sketchtown_finish_12_22\shape_recog\barcoderecognizer.cpp(196): warning C4244: “初始化”: 从“float”转换到“int”，可能丢失数据
e:\vs2015_sketchtown\sketchtown_finish_12_22\shape_recog\barcoderecognizer.cpp(197): warning C4244: “初始化”: 从“float”转换到“int”，可能丢失数据
e:\vs2015_sketchtown\sketchtown_finish_12_22\shape_recog\barcoderecognizer.cpp(198): warning C4244: “初始化”: 从“float”转换到“int”，可能丢失数据
e:\vs2015_sketchtown\sketchtown_finish_12_22\shape_recog\barcoderecognizer.cpp(199): warning C4244: “初始化”: 从“float”转换到“int”，可能丢失数据
  正在生成代码...
LINK : fatal error LNK1104: 无法打开文件“opencv_core300d.lib”
