e:\vs2015_sketchtown\sketchtown_finish_12_22\shape_recog\release\shape_recognition.pch
e:\vs2015_sketchtown\sketchtown_finish_12_22\shape_recog\release\vc140.pdb
e:\vs2015_sketchtown\sketchtown_finish_12_22\shape_recog\release\stdafx.obj
e:\vs2015_sketchtown\sketchtown_finish_12_22\shape_recog\release\udpconnection.obj
e:\vs2015_sketchtown\sketchtown_finish_12_22\shape_recog\release\stringex.obj
e:\vs2015_sketchtown\sketchtown_finish_12_22\shape_recog\release\filehelper.obj
e:\vs2015_sketchtown\sketchtown_finish_12_22\shape_recog\release\customstringhelper.obj
e:\vs2015_sketchtown\sketchtown_finish_12_22\shape_recog\release\shape_recognition.obj
e:\vs2015_sketchtown\sketchtown_finish_12_22\shape_recog\release\shaperecognizer.obj
e:\vs2015_sketchtown\sketchtown_finish_12_22\shape_recog\release\scanimgmanager.obj
e:\vs2015_sketchtown\sketchtown_finish_12_22\shape_recog\release\imagerecognizemanager.obj
e:\vs2015_sketchtown\sketchtown_finish_12_22\shape_recog\release\componentconnector.obj
e:\vs2015_sketchtown\sketchtown_finish_12_22\shape_recog\release\barcoderecognizer.obj
d:\sketchtown\sketchtown_finish_12_22\shape_recog\release\shape_recognition.pch
d:\sketchtown\sketchtown_finish_12_22\shape_recog\release\vc140.pdb
d:\sketchtown\sketchtown_finish_12_22\shape_recog\release\stdafx.obj
d:\sketchtown\sketchtown_finish_12_22\shape_recog\release\udpconnection.obj
d:\sketchtown\sketchtown_finish_12_22\shape_recog\release\stringex.obj
d:\sketchtown\sketchtown_finish_12_22\shape_recog\release\filehelper.obj
d:\sketchtown\sketchtown_finish_12_22\shape_recog\release\customstringhelper.obj
d:\sketchtown\sketchtown_finish_12_22\shape_recog\release\shape_recognition.obj
d:\sketchtown\sketchtown_finish_12_22\shape_recog\release\scanimgmanager.obj
d:\sketchtown\sketchtown_finish_12_22\shape_recog\release\componentconnector.obj
d:\sketchtown\sketchtown_finish_12_22\shape_recog\release\imagerecognizemanager.obj
d:\sketchtown\sketchtown_finish_12_22\shape_recog\release\shaperecognizer.obj
e:\vs2015_sketchtown\sketchtown_finish_12_22\shape_recog\release\shape_recognition.exe
e:\vs2015_sketchtown\sketchtown_finish_12_22\shape_recog\release\shape_recognition.ipdb
e:\vs2015_sketchtown\sketchtown_finish_12_22\shape_recog\release\shape_recognition.iobj
e:\vs2015_sketchtown\sketchtown_finish_12_22\shape_recog\release\shape_recognition.pdb
d:\sketchtown\sketchtown_finish_12_22\shape_recog\release\barcoderecognizer.obj
d:\sketchtown\sketchtown_finish_12_22\shape_recog\release\shape_recognition.ipdb
d:\sketchtown\sketchtown_finish_12_22\shape_recog\release\shape_recognition.iobj
d:\sketchtown\sketchtown_finish_12_22\shape_recog\release\shape_recognition.pdb
d:\sketchtown\sketchtown_finish_12_22\shape_recog\release\shape_recognition.exe
d:\sketchtown\sketchtown_finish_12_22\shape_recog\release\shape_re.9674e0bd.tlog\cl.command.1.tlog
d:\sketchtown\sketchtown_finish_12_22\shape_recog\release\shape_re.9674e0bd.tlog\cl.read.1.tlog
d:\sketchtown\sketchtown_finish_12_22\shape_recog\release\shape_re.9674e0bd.tlog\cl.write.1.tlog
d:\sketchtown\sketchtown_finish_12_22\shape_recog\release\shape_re.9674e0bd.tlog\link.command.1.tlog
d:\sketchtown\sketchtown_finish_12_22\shape_recog\release\shape_re.9674e0bd.tlog\link.read.1.tlog
d:\sketchtown\sketchtown_finish_12_22\shape_recog\release\shape_re.9674e0bd.tlog\link.write.1.tlog
